#
# There is insufficient memory for the Java Runtime Environment to continue.
# Native memory allocation (mmap) failed to map 4194304 bytes for G1 virtual space
# Possible reasons:
#   The system is out of physical RAM or swap space
#   The process is running with CompressedOops enabled, and the Java Heap may be blocking the growth of the native heap
# Possible solutions:
#   Reduce memory load on the system
#   Increase physical memory or swap space
#   Check if swap backing store is full
#   Decrease Java heap size (-Xmx/-Xms)
#   Decrease number of Java threads
#   Decrease Java thread stack sizes (-Xss)
#   Set larger code cache with -XX:ReservedCodeCacheSize=
#   JVM is running with Unscaled Compressed Oops mode in which the Java heap is
#     placed in the first 4GB address space. The Java Heap base address is the
#     maximum limit for the native heap growth. Please use -XX:HeapBaseMinAddress
#     to set the Java Heap base and to place the Java Heap above 4GB virtual address.
# This output file may be truncated or incomplete.
#
#  Out of Memory Error (os_windows.cpp:3550), pid=4244, tid=10908
#
# JRE version: Java(TM) SE Runtime Environment (17.0.7+8) (build 17.0.7+8-LTS-224)
# Java VM: Java HotSpot(TM) 64-Bit Server VM (17.0.7+8-LTS-224, mixed mode, sharing, tiered, compressed oops, compressed class ptrs, g1 gc, windows-amd64)
# No core dump will be written. Minidumps are not enabled by default on client versions of Windows
#

---------------  S U M M A R Y ------------

Command Line: -javaagent:C:\Program Files\JetBrains\IntelliJ IDEA Community Edition 2023.1.2\lib\idea_rt.jar=50098:C:\Program Files\JetBrains\IntelliJ IDEA Community Edition 2023.1.2\bin -Dfile.encoding=UTF-8 com.example.demo.RendezvousApplication

Host: Intel(R) Core(TM) i5-9300H CPU @ 2.40GHz, 8 cores, 7G,  Windows 10 , 64 bit Build 19041 (10.0.19041.3393)
Time: Wed Dec 13 02:30:47 2023 Afr. centrale Ouest elapsed time: 68.508945 seconds (0d 0h 1m 8s)

---------------  T H R E A D  ---------------

Current thread (0x000001b24ea6e4b0):  VMThread "VM Thread" [stack: 0x00000081cbd00000,0x00000081cbe00000] [id=10908]

Stack: [0x00000081cbd00000,0x00000081cbe00000]
Native frames: (J=compiled Java code, j=interpreted, Vv=VM code, C=native code)
V  [jvm.dll+0x676a4a]
V  [jvm.dll+0x7d74f4]
V  [jvm.dll+0x7d8c9e]
V  [jvm.dll+0x7d9303]
V  [jvm.dll+0x2452c5]
V  [jvm.dll+0x6738f9]
V  [jvm.dll+0x668232]
V  [jvm.dll+0x302826]
V  [jvm.dll+0x309da6]
V  [jvm.dll+0x35952e]
V  [jvm.dll+0x35975f]
V  [jvm.dll+0x2d9a38]
V  [jvm.dll+0x2dcad6]
V  [jvm.dll+0x2e72d8]
V  [jvm.dll+0x31ad30]
V  [jvm.dll+0x7ddb0b]
V  [jvm.dll+0x7de844]
V  [jvm.dll+0x7ded5d]
V  [jvm.dll+0x7df134]
V  [jvm.dll+0x7df200]
V  [jvm.dll+0x78759a]
V  [jvm.dll+0x675875]
C  [ucrtbase.dll+0x21bb2]
C  [KERNEL32.DLL+0x17344]
C  [ntdll.dll+0x526b1]

VM_Operation (0x00000081cb9ffa00): G1Concurrent, mode: safepoint, requested by thread 0x000001b230a16030


---------------  P R O C E S S  ---------------

Threads class SMR info:
_java_thread_list=0x000001b252ec3960, length=32, elements={
0x000001b24ea72fc0, 0x000001b24ea73d40, 0x000001b24ea83150, 0x000001b24ea83c10,
0x000001b24ea864e0, 0x000001b24ea86da0, 0x000001b24ea87a40, 0x000001b24ea89130,
0x000001b24ea8a610, 0x000001b24ea5e9f0, 0x000001b24f813b50, 0x000001b24f814020,
0x000001b25118b0c0, 0x000001b2521f9f10, 0x000001b2520865b0, 0x000001b25220f840,
0x000001b2526bc6f0, 0x000001b2526bbd50, 0x000001b2526bd560, 0x000001b2526bda30,
0x000001b2526baee0, 0x000001b2526ba070, 0x000001b2526ba540, 0x000001b2526bb3b0,
0x000001b2526bc220, 0x000001b2524048c0, 0x000001b252407db0, 0x000001b252408280,
0x000001b252403f20, 0x000001b252409a90, 0x000001b252408750, 0x000001b2524060d0
}

Java Threads: ( => current thread )
  0x000001b24ea72fc0 JavaThread "Reference Handler" daemon [_thread_blocked, id=1500, stack(0x00000081cbe00000,0x00000081cbf00000)]
  0x000001b24ea73d40 JavaThread "Finalizer" daemon [_thread_blocked, id=6840, stack(0x00000081cbf00000,0x00000081cc000000)]
  0x000001b24ea83150 JavaThread "Signal Dispatcher" daemon [_thread_blocked, id=1868, stack(0x00000081cc000000,0x00000081cc100000)]
  0x000001b24ea83c10 JavaThread "Attach Listener" daemon [_thread_blocked, id=5744, stack(0x00000081cc100000,0x00000081cc200000)]
  0x000001b24ea864e0 JavaThread "Service Thread" daemon [_thread_blocked, id=8908, stack(0x00000081cc200000,0x00000081cc300000)]
  0x000001b24ea86da0 JavaThread "Monitor Deflation Thread" daemon [_thread_blocked, id=4148, stack(0x00000081cc300000,0x00000081cc400000)]
  0x000001b24ea87a40 JavaThread "C2 CompilerThread0" daemon [_thread_blocked, id=11864, stack(0x00000081cc400000,0x00000081cc500000)]
  0x000001b24ea89130 JavaThread "C1 CompilerThread0" daemon [_thread_blocked, id=12820, stack(0x00000081cc500000,0x00000081cc600000)]
  0x000001b24ea8a610 JavaThread "Sweeper thread" daemon [_thread_blocked, id=10060, stack(0x00000081cc600000,0x00000081cc700000)]
  0x000001b24ea5e9f0 JavaThread "Common-Cleaner" daemon [_thread_blocked, id=11980, stack(0x00000081cc700000,0x00000081cc800000)]
  0x000001b24f813b50 JavaThread "Monitor Ctrl-Break" daemon [_thread_in_native, id=11492, stack(0x00000081cc900000,0x00000081cca00000)]
  0x000001b24f814020 JavaThread "Notification Thread" daemon [_thread_blocked, id=4040, stack(0x00000081cca00000,0x00000081ccb00000)]
  0x000001b25118b0c0 JavaThread "Catalina-utility-1" [_thread_blocked, id=8352, stack(0x00000081cd500000,0x00000081cd600000)]
  0x000001b2521f9f10 JavaThread "Catalina-utility-2" [_thread_blocked, id=14036, stack(0x00000081cd600000,0x00000081cd700000)]
  0x000001b2520865b0 JavaThread "container-0" [_thread_blocked, id=3404, stack(0x00000081cd700000,0x00000081cd800000)]
  0x000001b25220f840 JavaThread "mysql-cj-abandoned-connection-cleanup" daemon [_thread_blocked, id=12976, stack(0x00000081cd800000,0x00000081cd900000)]
  0x000001b2526bc6f0 JavaThread "HikariPool-1 housekeeper" daemon [_thread_blocked, id=7208, stack(0x00000081cdb00000,0x00000081cdc00000)]
  0x000001b2526bbd50 JavaThread "File Watcher" daemon [_thread_blocked, id=10704, stack(0x00000081cde00000,0x00000081cdf00000)]
  0x000001b2526bd560 JavaThread "Live Reload Server" daemon [_thread_in_native, id=4324, stack(0x00000081ce000000,0x00000081ce100000)]
  0x000001b2526bda30 JavaThread "http-nio-8081-exec-1" daemon [_thread_blocked, id=7616, stack(0x00000081cdf00000,0x00000081ce000000)]
  0x000001b2526baee0 JavaThread "http-nio-8081-exec-2" daemon [_thread_blocked, id=11268, stack(0x00000081ce100000,0x00000081ce200000)]
  0x000001b2526ba070 JavaThread "http-nio-8081-exec-3" daemon [_thread_blocked, id=11472, stack(0x00000081ce200000,0x00000081ce300000)]
  0x000001b2526ba540 JavaThread "http-nio-8081-exec-4" daemon [_thread_blocked, id=13036, stack(0x00000081ce300000,0x00000081ce400000)]
  0x000001b2526bb3b0 JavaThread "http-nio-8081-exec-5" daemon [_thread_blocked, id=7212, stack(0x00000081ce400000,0x00000081ce500000)]
  0x000001b2526bc220 JavaThread "http-nio-8081-exec-6" daemon [_thread_blocked, id=1712, stack(0x00000081ce500000,0x00000081ce600000)]
  0x000001b2524048c0 JavaThread "http-nio-8081-exec-7" daemon [_thread_blocked, id=2904, stack(0x00000081ce600000,0x00000081ce700000)]
  0x000001b252407db0 JavaThread "http-nio-8081-exec-8" daemon [_thread_blocked, id=10624, stack(0x00000081ce700000,0x00000081ce800000)]
  0x000001b252408280 JavaThread "http-nio-8081-exec-9" daemon [_thread_blocked, id=13492, stack(0x00000081ce800000,0x00000081ce900000)]
  0x000001b252403f20 JavaThread "http-nio-8081-exec-10" daemon [_thread_blocked, id=10920, stack(0x00000081ce900000,0x00000081cea00000)]
  0x000001b252409a90 JavaThread "http-nio-8081-Poller" daemon [_thread_in_native, id=11776, stack(0x00000081cea00000,0x00000081ceb00000)]
  0x000001b252408750 JavaThread "http-nio-8081-Acceptor" daemon [_thread_blocked, id=12144, stack(0x00000081ceb00000,0x00000081cec00000)]
  0x000001b2524060d0 JavaThread "DestroyJavaVM" [_thread_blocked, id=4188, stack(0x00000081cb700000,0x00000081cb800000)]

Other Threads:
=>0x000001b24ea6e4b0 VMThread "VM Thread" [stack: 0x00000081cbd00000,0x00000081cbe00000] [id=10908]
  0x000001b230a1eb50 WatcherThread [stack: 0x00000081ccb00000,0x00000081ccc00000] [id=6300]
  0x000001b230a05560 GCTaskThread "GC Thread#0" [stack: 0x00000081cb800000,0x00000081cb900000] [id=11080]
  0x000001b24ffabc70 GCTaskThread "GC Thread#1" [stack: 0x00000081ccd00000,0x00000081cce00000] [id=7024]
  0x000001b24ff68c90 GCTaskThread "GC Thread#2" [stack: 0x00000081cce00000,0x00000081ccf00000] [id=9900]
  0x000001b24ff68f40 GCTaskThread "GC Thread#3" [stack: 0x00000081ccf00000,0x00000081cd000000] [id=8968]
  0x000001b24ff69600 GCTaskThread "GC Thread#4" [stack: 0x00000081cd000000,0x00000081cd100000] [id=11800]
  0x000001b24ff880d0 GCTaskThread "GC Thread#5" [stack: 0x00000081cd100000,0x00000081cd200000] [id=8528]
  0x000001b24ff4b7d0 GCTaskThread "GC Thread#6" [stack: 0x00000081cd200000,0x00000081cd300000] [id=1936]
  0x000001b24ff4e6c0 GCTaskThread "GC Thread#7" [stack: 0x00000081cd300000,0x00000081cd400000] [id=12440]
  0x000001b230a16030 ConcurrentGCThread "G1 Main Marker" [stack: 0x00000081cb900000,0x00000081cba00000] [id=12220]
  0x000001b230a170f0 ConcurrentGCThread "G1 Conc#0" [stack: 0x00000081cba00000,0x00000081cbb00000] [id=2728]
  0x000001b250a71100 ConcurrentGCThread "G1 Conc#1" [stack: 0x00000081cd400000,0x00000081cd500000] [id=6788]
  0x000001b230a7dd70 ConcurrentGCThread "G1 Refine#0" [stack: 0x00000081cbb00000,0x00000081cbc00000] [id=10404]
  0x000001b230a7e6a0 ConcurrentGCThread "G1 Service" [stack: 0x00000081cbc00000,0x00000081cbd00000] [id=10160]

Threads with active compile tasks:

VM state: at safepoint (normal execution)

VM Mutex/Monitor currently owned by a thread:  ([mutex/lock_event])
[0x000001b2309a5fa0] Threads_lock - owner thread: 0x000001b24ea6e4b0
[0x000001b2309a77d0] Heap_lock - owner thread: 0x000001b230a16030

Heap address: 0x0000000081c00000, size: 2020 MB, Compressed Oops mode: 32-bit

CDS archive(s) mapped at: [0x0000000800000000-0x0000000800bd0000-0x0000000800bd0000), size 12386304, SharedBaseAddress: 0x0000000800000000, ArchiveRelocationMode: 0.
Compressed class space mapped at: 0x0000000800c00000-0x0000000840c00000, reserved size: 1073741824
Narrow klass base: 0x0000000800000000, Narrow klass shift: 0, Narrow klass range: 0x100000000

GC Precious Log:
 CPUs: 8 total, 8 available
 Memory: 8072M
 Large Page Support: Disabled
 NUMA Support: Disabled
 Compressed Oops: Enabled (32-bit)
 Heap Region Size: 1M
 Heap Min Capacity: 8M
 Heap Initial Capacity: 128M
 Heap Max Capacity: 2020M
 Pre-touch: Disabled
 Parallel Workers: 8
 Concurrent Workers: 2
 Concurrent Refinement Workers: 8
 Periodic GC: Disabled

Heap:
 garbage-first heap   total 61440K, used 36039K [0x0000000081c00000, 0x0000000100000000)
  region size 1024K, 8 young (8192K), 1 survivors (1024K)
 Metaspace       used 60582K, committed 60992K, reserved 1105920K
  class space    used 7801K, committed 8000K, reserved 1048576K

Heap Regions: E=young(eden), S=young(survivor), O=old, HS=humongous(starts), HC=humongous(continues), CS=collection set, F=free, OA=open archive, CA=closed archive, TAMS=top-at-mark-start (previous, next)
|   0|0x0000000081c00000, 0x0000000081d00000, 0x0000000081d00000|100%|HS|  |TAMS 0x0000000081d00000, 0x0000000081c00000| Complete 
|   1|0x0000000081d00000, 0x0000000081e00000, 0x0000000081e00000|100%| O|  |TAMS 0x0000000081e00000, 0x0000000081d00000| Untracked 
|   2|0x0000000081e00000, 0x0000000081f00000, 0x0000000081f00000|100%| O|  |TAMS 0x0000000081f00000, 0x0000000081e00000| Untracked 
|   3|0x0000000081f00000, 0x0000000082000000, 0x0000000082000000|100%| O|  |TAMS 0x0000000082000000, 0x0000000081f00000| Untracked 
|   4|0x0000000082000000, 0x0000000082100000, 0x0000000082100000|100%| O|  |TAMS 0x0000000082100000, 0x0000000082000000| Updating 
|   5|0x0000000082100000, 0x0000000082200000, 0x0000000082200000|100%| O|  |TAMS 0x0000000082200000, 0x0000000082100000| Untracked 
|   6|0x0000000082200000, 0x0000000082300000, 0x0000000082300000|100%| O|  |TAMS 0x0000000082300000, 0x0000000082200000| Untracked 
|   7|0x0000000082300000, 0x000000008231ea00, 0x0000000082400000| 11%| O|  |TAMS 0x000000008231ea00, 0x0000000082300000| Updating 
|   8|0x0000000082400000, 0x0000000082500000, 0x0000000082500000|100%| O|  |TAMS 0x0000000082500000, 0x0000000082400000| Untracked 
|   9|0x0000000082500000, 0x0000000082600000, 0x0000000082600000|100%| O|  |TAMS 0x0000000082600000, 0x0000000082500000| Untracked 
|  10|0x0000000082600000, 0x0000000082700000, 0x0000000082700000|100%| O|  |TAMS 0x0000000082700000, 0x0000000082600000| Updating 
|  11|0x0000000082700000, 0x0000000082800000, 0x0000000082800000|100%| O|  |TAMS 0x0000000082800000, 0x0000000082700000| Untracked 
|  12|0x0000000082800000, 0x0000000082900000, 0x0000000082900000|100%| O|  |TAMS 0x0000000082900000, 0x0000000082800000| Updating 
|  13|0x0000000082900000, 0x0000000082a00000, 0x0000000082a00000|100%| O|  |TAMS 0x0000000082a00000, 0x0000000082900000| Untracked 
|  14|0x0000000082a00000, 0x0000000082b00000, 0x0000000082b00000|100%| O|  |TAMS 0x0000000082b00000, 0x0000000082a00000| Untracked 
|  15|0x0000000082b00000, 0x0000000082c00000, 0x0000000082c00000|100%| O|  |TAMS 0x0000000082c00000, 0x0000000082b00000| Updating 
|  16|0x0000000082c00000, 0x0000000082d00000, 0x0000000082d00000|100%| O|  |TAMS 0x0000000082d00000, 0x0000000082c00000| Untracked 
|  17|0x0000000082d00000, 0x0000000082e00000, 0x0000000082e00000|100%| O|  |TAMS 0x0000000082e00000, 0x0000000082d00000| Untracked 
|  18|0x0000000082e00000, 0x0000000082f00000, 0x0000000082f00000|100%| O|  |TAMS 0x0000000082f00000, 0x0000000082e00000| Untracked 
|  19|0x0000000082f00000, 0x0000000083000000, 0x0000000083000000|100%| O|  |TAMS 0x0000000083000000, 0x0000000082f00000| Untracked 
|  20|0x0000000083000000, 0x0000000083100000, 0x0000000083100000|100%| O|  |TAMS 0x0000000083100000, 0x0000000083000000| Updating 
|  21|0x0000000083100000, 0x0000000083200000, 0x0000000083200000|100%| O|  |TAMS 0x0000000083200000, 0x0000000083100000| Untracked 
|  22|0x0000000083200000, 0x0000000083300000, 0x0000000083300000|100%| O|  |TAMS 0x0000000083300000, 0x0000000083200000| Untracked 
|  23|0x0000000083300000, 0x0000000083400000, 0x0000000083400000|100%| O|  |TAMS 0x0000000083400000, 0x0000000083300000| Updating 
|  24|0x0000000083400000, 0x0000000083500000, 0x0000000083500000|100%| O|  |TAMS 0x0000000083500000, 0x0000000083400000| Untracked 
|  25|0x0000000083500000, 0x0000000083600000, 0x0000000083600000|100%| O|  |TAMS 0x0000000083600000, 0x0000000083500000| Untracked 
|  26|0x0000000083600000, 0x0000000083700000, 0x0000000083700000|100%| O|  |TAMS 0x0000000083700000, 0x0000000083600000| Untracked 
|  27|0x0000000083700000, 0x0000000083800000, 0x0000000083800000|100%| O|  |TAMS 0x0000000083800000, 0x0000000083700000| Untracked 
|  28|0x0000000083800000, 0x0000000083900000, 0x0000000083900000|100%| O|  |TAMS 0x0000000083900000, 0x0000000083800000| Untracked 
|  29|0x0000000083900000, 0x0000000083a00000, 0x0000000083a00000|100%| O|  |TAMS 0x0000000083a00000, 0x0000000083900000| Updating 
|  30|0x0000000083a00000, 0x0000000083a00000, 0x0000000083b00000|  0%| F|  |TAMS 0x0000000083a00000, 0x0000000083a00000| Untracked 
|  31|0x0000000083b00000, 0x0000000083b00000, 0x0000000083c00000|  0%| F|  |TAMS 0x0000000083b00000, 0x0000000083b00000| Untracked 
|  32|0x0000000083c00000, 0x0000000083c00000, 0x0000000083d00000|  0%| F|  |TAMS 0x0000000083c00000, 0x0000000083c00000| Untracked 
|  33|0x0000000083d00000, 0x0000000083d00000, 0x0000000083e00000|  0%| F|  |TAMS 0x0000000083d00000, 0x0000000083d00000| Untracked 
|  34|0x0000000083e00000, 0x0000000083e00000, 0x0000000083f00000|  0%| F|  |TAMS 0x0000000083e00000, 0x0000000083e00000| Untracked 
|  35|0x0000000083f00000, 0x0000000083f00000, 0x0000000084000000|  0%| F|  |TAMS 0x0000000083f00000, 0x0000000083f00000| Untracked 
|  36|0x0000000084000000, 0x0000000084013598, 0x0000000084100000|  7%| S|CS|TAMS 0x0000000084000000, 0x0000000084000000| Complete 
|  37|0x0000000084100000, 0x0000000084100000, 0x0000000084200000|  0%| F|  |TAMS 0x0000000084100000, 0x0000000084100000| Untracked 
|  38|0x0000000084200000, 0x0000000084200000, 0x0000000084300000|  0%| F|  |TAMS 0x0000000084200000, 0x0000000084200000| Untracked 
|  39|0x0000000084300000, 0x0000000084300000, 0x0000000084400000|  0%| F|  |TAMS 0x0000000084300000, 0x0000000084300000| Untracked 
|  40|0x0000000084400000, 0x0000000084400000, 0x0000000084500000|  0%| F|  |TAMS 0x0000000084400000, 0x0000000084400000| Untracked 
|  41|0x0000000084500000, 0x0000000084500000, 0x0000000084600000|  0%| F|  |TAMS 0x0000000084500000, 0x0000000084500000| Untracked 
|  42|0x0000000084600000, 0x0000000084600000, 0x0000000084700000|  0%| F|  |TAMS 0x0000000084600000, 0x0000000084600000| Untracked 
|  43|0x0000000084700000, 0x0000000084700000, 0x0000000084800000|  0%| F|  |TAMS 0x0000000084700000, 0x0000000084700000| Untracked 
|  44|0x0000000084800000, 0x0000000084800000, 0x0000000084900000|  0%| F|  |TAMS 0x0000000084800000, 0x0000000084800000| Untracked 
|  45|0x0000000084900000, 0x0000000084900000, 0x0000000084a00000|  0%| F|  |TAMS 0x0000000084900000, 0x0000000084900000| Untracked 
|  46|0x0000000084a00000, 0x0000000084a00000, 0x0000000084b00000|  0%| F|  |TAMS 0x0000000084a00000, 0x0000000084a00000| Untracked 
|  47|0x0000000084b00000, 0x0000000084b00000, 0x0000000084c00000|  0%| F|  |TAMS 0x0000000084b00000, 0x0000000084b00000| Untracked 
|  48|0x0000000084c00000, 0x0000000084c00000, 0x0000000084d00000|  0%| F|  |TAMS 0x0000000084c00000, 0x0000000084c00000| Untracked 
|  49|0x0000000084d00000, 0x0000000084d00000, 0x0000000084e00000|  0%| F|  |TAMS 0x0000000084d00000, 0x0000000084d00000| Untracked 
|  50|0x0000000084e00000, 0x0000000084e00000, 0x0000000084f00000|  0%| F|  |TAMS 0x0000000084e00000, 0x0000000084e00000| Untracked 
|  51|0x0000000084f00000, 0x0000000084f00000, 0x0000000085000000|  0%| F|  |TAMS 0x0000000084f00000, 0x0000000084f00000| Untracked 
|  52|0x0000000085000000, 0x0000000085000000, 0x0000000085100000|  0%| F|  |TAMS 0x0000000085000000, 0x0000000085000000| Untracked 
|  62|0x0000000085a00000, 0x0000000085a57078, 0x0000000085b00000| 33%| E|  |TAMS 0x0000000085a00000, 0x0000000085a00000| Complete 
|  63|0x0000000085b00000, 0x0000000085c00000, 0x0000000085c00000|100%| E|CS|TAMS 0x0000000085b00000, 0x0000000085b00000| Complete 
|  64|0x0000000085c00000, 0x0000000085d00000, 0x0000000085d00000|100%| E|CS|TAMS 0x0000000085c00000, 0x0000000085c00000| Complete 
|  65|0x0000000085d00000, 0x0000000085e00000, 0x0000000085e00000|100%| E|CS|TAMS 0x0000000085d00000, 0x0000000085d00000| Complete 
|  66|0x0000000085e00000, 0x0000000085f00000, 0x0000000085f00000|100%| E|CS|TAMS 0x0000000085e00000, 0x0000000085e00000| Complete 
|  67|0x0000000085f00000, 0x0000000086000000, 0x0000000086000000|100%| E|CS|TAMS 0x0000000085f00000, 0x0000000085f00000| Complete 
| 127|0x0000000089b00000, 0x0000000089c00000, 0x0000000089c00000|100%| E|CS|TAMS 0x0000000089b00000, 0x0000000089b00000| Complete 

Card table byte_map: [0x000001b247960000,0x000001b247d60000] _byte_map_base: 0x000001b247552000

Marking Bits (Prev, Next): (CMBitMap*) 0x000001b230a05a80, (CMBitMap*) 0x000001b230a05ac0
 Prev Bits: [0x000001b248160000, 0x000001b24a0f0000)
 Next Bits: [0x000001b24a0f0000, 0x000001b24c080000)

Polling page: 0x000001b22e940000

Metaspace:

Usage:
  Non-class:     51.54 MB used.
      Class:      7.62 MB used.
       Both:     59.16 MB used.

Virtual space:
  Non-class space:       56.00 MB reserved,      51.75 MB ( 92%) committed,  7 nodes.
      Class space:        1.00 GB reserved,       7.81 MB ( <1%) committed,  1 nodes.
             Both:        1.05 GB reserved,      59.56 MB (  6%) committed. 

Chunk freelists:
   Non-Class:  144.00 KB
       Class:  146.00 KB
        Both:  290.00 KB

MaxMetaspaceSize: unlimited
CompressedClassSpaceSize: 1.00 GB
Initial GC threshold: 21.00 MB
Current GC threshold: 99.31 MB
CDS: on
MetaspaceReclaimPolicy: balanced
 - commit_granule_bytes: 65536.
 - commit_granule_words: 8192.
 - virtual_space_node_default_size: 1048576.
 - enlarge_chunks_in_place: 1.
 - new_chunks_are_fully_committed: 0.
 - uncommit_free_chunks: 1.
 - use_allocation_guard: 0.
 - handle_deallocations: 1.


Internal statistics:

num_allocs_failed_limit: 6.
num_arena_births: 572.
num_arena_deaths: 8.
num_vsnodes_births: 8.
num_vsnodes_deaths: 0.
num_space_committed: 953.
num_space_uncommitted: 0.
num_chunks_returned_to_freelist: 18.
num_chunks_taken_from_freelist: 2869.
num_chunk_merges: 6.
num_chunk_splits: 1973.
num_chunks_enlarged: 1518.
num_purges: 2.
num_inconsistent_stats: 0.

CodeHeap 'non-profiled nmethods': size=120000Kb used=8384Kb max_used=8384Kb free=111615Kb
 bounds [0x000001b23fd00000, 0x000001b240540000, 0x000001b247230000]
CodeHeap 'profiled nmethods': size=120000Kb used=12552Kb max_used=18059Kb free=107448Kb
 bounds [0x000001b238230000, 0x000001b2393e0000, 0x000001b23f760000]
CodeHeap 'non-nmethods': size=5760Kb used=1308Kb max_used=1407Kb free=4451Kb
 bounds [0x000001b23f760000, 0x000001b23f9d0000, 0x000001b23fd00000]
 total_blobs=8419 nmethods=7788 adapters=542
 compilation: enabled
              stopped_count=0, restarted_count=0
 full_count=0

Compilation events (20 events):
Event: 66.504 Thread 0x000001b24ea87a40 9954       4       sun.nio.ch.SocketAdaptor::setSoTimeout (40 bytes)
Event: 66.506 Thread 0x000001b24ea87a40 nmethod 9954 0x000001b240529390 code [0x000001b240529500, 0x000001b2405295d8]
Event: 66.506 Thread 0x000001b24ea87a40 9955       4       sun.nio.ch.SocketAdaptor::setTcpNoDelay (9 bytes)
Event: 66.515 Thread 0x000001b24ea87a40 nmethod 9955 0x000001b240529690 code [0x000001b240529860, 0x000001b240529df8]
Event: 67.216 Thread 0x000001b24ea87a40 9956       4       org.apache.catalina.connector.ResponseFacade::containsHeader (32 bytes)
Event: 67.274 Thread 0x000001b24ea87a40 nmethod 9956 0x000001b24052a290 code [0x000001b24052a4e0, 0x000001b24052b930]
Event: 67.274 Thread 0x000001b24ea87a40 9957       4       org.apache.catalina.connector.Response::containsHeader (81 bytes)
Event: 67.330 Thread 0x000001b24ea87a40 nmethod 9957 0x000001b24052c790 code [0x000001b24052c9e0, 0x000001b24052de30]
Event: 67.330 Thread 0x000001b24ea87a40 9958       4       org.springframework.web.servlet.handler.WebRequestHandlerInterceptorAdapter::postHandle (41 bytes)
Event: 67.338 Thread 0x000001b24ea87a40 nmethod 9958 0x000001b24052eb90 code [0x000001b24052ed20, 0x000001b24052ef78]
Event: 67.338 Thread 0x000001b24ea87a40 9959       4       org.apache.tomcat.util.threads.ThreadPoolExecutor::afterExecute (24 bytes)
Event: 67.341 Thread 0x000001b24ea87a40 nmethod 9959 0x000001b24052f290 code [0x000001b24052f420, 0x000001b24052f5b8]
Event: 67.854 Thread 0x000001b24ea87a40 9960       4       java.util.LinkedHashSet::<init> (10 bytes)
Event: 67.856 Thread 0x000001b24ea87a40 nmethod 9960 0x000001b24052f790 code [0x000001b24052f920, 0x000001b24052faf8]
Event: 67.886 Thread 0x000001b24ea89130 9961       3       java.util.concurrent.ThreadPoolExecutor::isShutdown (12 bytes)
Event: 67.886 Thread 0x000001b24ea89130 nmethod 9961 0x000001b238269190 code [0x000001b238269340, 0x000001b238269538]
Event: 68.186 Thread 0x000001b24ea87a40 9962       4       java.util.concurrent.locks.AbstractQueuedSynchronizer::apparentlyFirstQueuedIsExclusive (38 bytes)
Event: 68.187 Thread 0x000001b24ea87a40 nmethod 9962 0x000001b24052fc10 code [0x000001b24052fd80, 0x000001b24052fe18]
Event: 68.196 Thread 0x000001b24ea87a40 9963       4       java.util.concurrent.locks.ReentrantReadWriteLock$NonfairSync::readerShouldBlock (5 bytes)
Event: 68.197 Thread 0x000001b24ea87a40 nmethod 9963 0x000001b24052ff10 code [0x000001b240530080, 0x000001b240530118]

GC Heap History (20 events):
Event: 65.261 GC heap before
{Heap before GC invocations=131 (full 0):
 garbage-first heap   total 61440K, used 52394K [0x0000000081c00000, 0x0000000100000000)
  region size 1024K, 23 young (23552K), 1 survivors (1024K)
 Metaspace       used 60581K, committed 60992K, reserved 1105920K
  class space    used 7800K, committed 8000K, reserved 1048576K
}
Event: 65.262 GC heap after
{Heap after GC invocations=132 (full 0):
 garbage-first heap   total 61440K, used 29853K [0x0000000081c00000, 0x0000000100000000)
  region size 1024K, 1 young (1024K), 1 survivors (1024K)
 Metaspace       used 60581K, committed 60992K, reserved 1105920K
  class space    used 7800K, committed 8000K, reserved 1048576K
}
Event: 65.680 GC heap before
{Heap before GC invocations=132 (full 0):
 garbage-first heap   total 61440K, used 52381K [0x0000000081c00000, 0x0000000100000000)
  region size 1024K, 23 young (23552K), 1 survivors (1024K)
 Metaspace       used 60581K, committed 60992K, reserved 1105920K
  class space    used 7800K, committed 8000K, reserved 1048576K
}
Event: 65.682 GC heap after
{Heap after GC invocations=133 (full 0):
 garbage-first heap   total 61440K, used 29877K [0x0000000081c00000, 0x0000000100000000)
  region size 1024K, 1 young (1024K), 1 survivors (1024K)
 Metaspace       used 60581K, committed 60992K, reserved 1105920K
  class space    used 7800K, committed 8000K, reserved 1048576K
}
Event: 66.082 GC heap before
{Heap before GC invocations=134 (full 0):
 garbage-first heap   total 61440K, used 52405K [0x0000000081c00000, 0x0000000100000000)
  region size 1024K, 23 young (23552K), 1 survivors (1024K)
 Metaspace       used 60581K, committed 60992K, reserved 1105920K
  class space    used 7800K, committed 8000K, reserved 1048576K
}
Event: 66.083 GC heap after
{Heap after GC invocations=135 (full 0):
 garbage-first heap   total 61440K, used 29864K [0x0000000081c00000, 0x0000000100000000)
  region size 1024K, 1 young (1024K), 1 survivors (1024K)
 Metaspace       used 60581K, committed 60992K, reserved 1105920K
  class space    used 7800K, committed 8000K, reserved 1048576K
}
Event: 66.512 GC heap before
{Heap before GC invocations=135 (full 0):
 garbage-first heap   total 61440K, used 52392K [0x0000000081c00000, 0x0000000100000000)
  region size 1024K, 23 young (23552K), 1 survivors (1024K)
 Metaspace       used 60581K, committed 60992K, reserved 1105920K
  class space    used 7800K, committed 8000K, reserved 1048576K
}
Event: 66.514 GC heap after
{Heap after GC invocations=136 (full 0):
 garbage-first heap   total 61440K, used 29921K [0x0000000081c00000, 0x0000000100000000)
  region size 1024K, 1 young (1024K), 1 survivors (1024K)
 Metaspace       used 60581K, committed 60992K, reserved 1105920K
  class space    used 7800K, committed 8000K, reserved 1048576K
}
Event: 67.228 GC heap before
{Heap before GC invocations=137 (full 0):
 garbage-first heap   total 61440K, used 52449K [0x0000000081c00000, 0x0000000100000000)
  region size 1024K, 23 young (23552K), 1 survivors (1024K)
 Metaspace       used 60581K, committed 60992K, reserved 1105920K
  class space    used 7800K, committed 8000K, reserved 1048576K
}
Event: 67.229 GC heap after
{Heap after GC invocations=138 (full 0):
 garbage-first heap   total 61440K, used 29867K [0x0000000081c00000, 0x0000000100000000)
  region size 1024K, 1 young (1024K), 1 survivors (1024K)
 Metaspace       used 60581K, committed 60992K, reserved 1105920K
  class space    used 7800K, committed 8000K, reserved 1048576K
}
Event: 67.577 GC heap before
{Heap before GC invocations=138 (full 0):
 garbage-first heap   total 61440K, used 51371K [0x0000000081c00000, 0x0000000100000000)
  region size 1024K, 23 young (23552K), 1 survivors (1024K)
 Metaspace       used 60582K, committed 60992K, reserved 1105920K
  class space    used 7801K, committed 8000K, reserved 1048576K
}
Event: 67.578 GC heap after
{Heap after GC invocations=139 (full 0):
 garbage-first heap   total 61440K, used 29886K [0x0000000081c00000, 0x0000000100000000)
  region size 1024K, 1 young (1024K), 1 survivors (1024K)
 Metaspace       used 60582K, committed 60992K, reserved 1105920K
  class space    used 7801K, committed 8000K, reserved 1048576K
}
Event: 67.779 GC heap before
{Heap before GC invocations=140 (full 0):
 garbage-first heap   total 61440K, used 52414K [0x0000000081c00000, 0x0000000100000000)
  region size 1024K, 23 young (23552K), 1 survivors (1024K)
 Metaspace       used 60582K, committed 60992K, reserved 1105920K
  class space    used 7801K, committed 8000K, reserved 1048576K
}
Event: 67.780 GC heap after
{Heap after GC invocations=141 (full 0):
 garbage-first heap   total 61440K, used 29898K [0x0000000081c00000, 0x0000000100000000)
  region size 1024K, 1 young (1024K), 1 survivors (1024K)
 Metaspace       used 60582K, committed 60992K, reserved 1105920K
  class space    used 7801K, committed 8000K, reserved 1048576K
}
Event: 67.980 GC heap before
{Heap before GC invocations=141 (full 0):
 garbage-first heap   total 61440K, used 52426K [0x0000000081c00000, 0x0000000100000000)
  region size 1024K, 23 young (23552K), 1 survivors (1024K)
 Metaspace       used 60582K, committed 60992K, reserved 1105920K
  class space    used 7801K, committed 8000K, reserved 1048576K
}
Event: 67.981 GC heap after
{Heap after GC invocations=142 (full 0):
 garbage-first heap   total 61440K, used 29939K [0x0000000081c00000, 0x0000000100000000)
  region size 1024K, 1 young (1024K), 1 survivors (1024K)
 Metaspace       used 60582K, committed 60992K, reserved 1105920K
  class space    used 7801K, committed 8000K, reserved 1048576K
}
Event: 68.140 GC heap before
{Heap before GC invocations=143 (full 0):
 garbage-first heap   total 61440K, used 52467K [0x0000000081c00000, 0x0000000100000000)
  region size 1024K, 23 young (23552K), 1 survivors (1024K)
 Metaspace       used 60582K, committed 60992K, reserved 1105920K
  class space    used 7801K, committed 8000K, reserved 1048576K
}
Event: 68.140 GC heap after
{Heap after GC invocations=144 (full 0):
 garbage-first heap   total 61440K, used 29854K [0x0000000081c00000, 0x0000000100000000)
  region size 1024K, 1 young (1024K), 1 survivors (1024K)
 Metaspace       used 60582K, committed 60992K, reserved 1105920K
  class space    used 7801K, committed 8000K, reserved 1048576K
}
Event: 68.245 GC heap before
{Heap before GC invocations=144 (full 0):
 garbage-first heap   total 61440K, used 52382K [0x0000000081c00000, 0x0000000100000000)
  region size 1024K, 23 young (23552K), 1 survivors (1024K)
 Metaspace       used 60582K, committed 60992K, reserved 1105920K
  class space    used 7801K, committed 8000K, reserved 1048576K
}
Event: 68.246 GC heap after
{Heap after GC invocations=145 (full 0):
 garbage-first heap   total 61440K, used 29895K [0x0000000081c00000, 0x0000000100000000)
  region size 1024K, 1 young (1024K), 1 survivors (1024K)
 Metaspace       used 60582K, committed 60992K, reserved 1105920K
  class space    used 7801K, committed 8000K, reserved 1048576K
}

Deoptimization events (20 events):
Event: 47.391 Thread 0x000001b252408280 Uncommon trap: reason=profile_predicate action=maybe_recompile pc=0x000001b2402ffe40 method=java.util.concurrent.ConcurrentHashMap$Traverser.advance()Ljava/util/concurrent/ConcurrentHashMap$Node; @ 15 c2
Event: 47.391 Thread 0x000001b2526baee0 Uncommon trap: reason=profile_predicate action=maybe_recompile pc=0x000001b2402ffe40 method=java.util.concurrent.ConcurrentHashMap$Traverser.advance()Ljava/util/concurrent/ConcurrentHashMap$Node; @ 15 c2
Event: 47.391 Thread 0x000001b2524048c0 DEOPT PACKING pc=0x000001b2402ffe40 sp=0x00000081ce6fd260
Event: 47.391 Thread 0x000001b252408280 DEOPT PACKING pc=0x000001b2402ffe40 sp=0x00000081ce8fd080
Event: 47.391 Thread 0x000001b2524048c0 DEOPT UNPACKING pc=0x000001b23f7b23a3 sp=0x00000081ce6fcf18 mode 2
Event: 47.391 Thread 0x000001b252408280 DEOPT UNPACKING pc=0x000001b23f7b23a3 sp=0x00000081ce8fcd38 mode 2
Event: 47.391 Thread 0x000001b2526baee0 DEOPT PACKING pc=0x000001b2402ffe40 sp=0x00000081ce1fd0d0
Event: 47.391 Thread 0x000001b2526baee0 DEOPT UNPACKING pc=0x000001b23f7b23a3 sp=0x00000081ce1fcd88 mode 2
Event: 47.391 Thread 0x000001b252408280 Uncommon trap: trap_request=0xffffffbe fr.pc=0x000001b2402ffe40 relative=0x00000000000007e0
Event: 47.391 Thread 0x000001b2526baee0 Uncommon trap: trap_request=0xffffffbe fr.pc=0x000001b2402ffe40 relative=0x00000000000007e0
Event: 47.392 Thread 0x000001b252408280 Uncommon trap: reason=profile_predicate action=maybe_recompile pc=0x000001b2402ffe40 method=java.util.concurrent.ConcurrentHashMap$Traverser.advance()Ljava/util/concurrent/ConcurrentHashMap$Node; @ 15 c2
Event: 47.392 Thread 0x000001b2526baee0 Uncommon trap: reason=profile_predicate action=maybe_recompile pc=0x000001b2402ffe40 method=java.util.concurrent.ConcurrentHashMap$Traverser.advance()Ljava/util/concurrent/ConcurrentHashMap$Node; @ 15 c2
Event: 47.392 Thread 0x000001b252408280 DEOPT PACKING pc=0x000001b2402ffe40 sp=0x00000081ce8fd290
Event: 47.392 Thread 0x000001b2526baee0 DEOPT PACKING pc=0x000001b2402ffe40 sp=0x00000081ce1fd2e0
Event: 47.392 Thread 0x000001b252408280 DEOPT UNPACKING pc=0x000001b23f7b23a3 sp=0x00000081ce8fcf48 mode 2
Event: 47.392 Thread 0x000001b2526baee0 DEOPT UNPACKING pc=0x000001b23f7b23a3 sp=0x00000081ce1fcf98 mode 2
Event: 60.957 Thread 0x000001b252408750 Uncommon trap: trap_request=0xffffff45 fr.pc=0x000001b24044def4 relative=0x0000000000004694
Event: 60.957 Thread 0x000001b252408750 Uncommon trap: reason=unstable_if action=reinterpret pc=0x000001b24044def4 method=sun.nio.ch.WEPollSelectorImpl.wakeup()Ljava/nio/channels/Selector; @ 11 c2
Event: 60.957 Thread 0x000001b252408750 DEOPT PACKING pc=0x000001b24044def4 sp=0x00000081cebfef90
Event: 60.957 Thread 0x000001b252408750 DEOPT UNPACKING pc=0x000001b23f7b23a3 sp=0x00000081cebfee10 mode 2

Classes unloaded (4 events):
Event: 29.161 Thread 0x000001b24ea6e4b0 Unloading class 0x00000008012d8000 'jdk/internal/reflect/GeneratedSerializationConstructorAccessor4'
Event: 29.161 Thread 0x000001b24ea6e4b0 Unloading class 0x00000008012d4000 'jdk/internal/reflect/GeneratedSerializationConstructorAccessor3'
Event: 29.161 Thread 0x000001b24ea6e4b0 Unloading class 0x00000008012ccc00 'jdk/internal/reflect/GeneratedSerializationConstructorAccessor2'
Event: 29.161 Thread 0x000001b24ea6e4b0 Unloading class 0x00000008012cc000 'jdk/internal/reflect/GeneratedSerializationConstructorAccessor1'

Classes redefined (0 events):
No events

Internal exceptions (20 events):
Event: 12.332 Thread 0x000001b24fe9de00 Exception <a 'java/lang/ClassNotFoundException'{0x0000000083f15ec8}: org/springframework/web/context/ServletContextAwareCustomizer> (0x0000000083f15ec8) 
thrown [s\open\src\hotspot\share\classfile\systemDictionary.cpp, line 256]
Event: 12.332 Thread 0x000001b24fe9de00 Exception <a 'java/lang/ClassNotFoundException'{0x0000000083f1b468}: org/springframework/beans/factory/AwareCustomizer> (0x0000000083f1b468) 
thrown [s\open\src\hotspot\share\classfile\systemDictionary.cpp, line 256]
Event: 12.460 Thread 0x000001b24fe9de00 Exception <a 'java/lang/NoSuchMethodError'{0x0000000085cddbd0}: 'void java.lang.invoke.DirectMethodHandle$Holder.invokeVirtual(java.lang.Object, java.lang.Object, int)'> (0x0000000085cddbd0) 
thrown [s\open\src\hotspot\share\interpreter\linkResolver.cpp, line 759]
Event: 12.463 Thread 0x000001b24fe9de00 Exception <a 'java/lang/NoSuchMethodError'{0x0000000085cf8898}: 'void java.lang.invoke.DirectMethodHandle$Holder.invokeVirtual(java.lang.Object, java.lang.Object, long)'> (0x0000000085cf8898) 
thrown [s\open\src\hotspot\share\interpreter\linkResolver.cpp, line 759]
Event: 12.598 Thread 0x000001b24fe9de00 Exception <a 'java/lang/IncompatibleClassChangeError'{0x000000008427f580}: Found class java.lang.Object, but interface was expected> (0x000000008427f580) 
thrown [s\open\src\hotspot\share\interpreter\linkResolver.cpp, line 826]
Event: 12.641 Thread 0x000001b24fe9de00 Exception <a 'java/lang/NoSuchMethodError'{0x0000000084007960}: 'int java.lang.invoke.DirectMethodHandle$Holder.invokeStaticInit(java.lang.Object, java.lang.Object, java.lang.Object, java.lang.Object)'> (0x0000000084007960) 
thrown [s\open\src\hotspot\share\interpreter\linkResolver.cpp, line 759]
Event: 12.755 Thread 0x000001b24fe9de00 Exception <a 'java/lang/NoSuchMethodError'{0x0000000085fdebf8}: 'java.lang.Object java.lang.invoke.DirectMethodHandle$Holder.invokeSpecial(java.lang.Object, java.lang.Object, java.lang.Object, java.lang.Object, int, int)'> (0x0000000085fdebf8) 
thrown [s\open\src\hotspot\share\interpreter\linkResolver.cpp, line 759]
Event: 12.765 Thread 0x000001b24fe9de00 Exception <a 'java/lang/IncompatibleClassChangeError'{0x0000000085e25cc8}: Found class java.lang.Object, but interface was expected> (0x0000000085e25cc8) 
thrown [s\open\src\hotspot\share\interpreter\linkResolver.cpp, line 826]
Event: 12.800 Thread 0x000001b24fe9de00 Implicit null exception at 0x000001b23ffc17ee to 0x000001b23ffc1a00
Event: 12.848 Thread 0x000001b24fe9de00 Exception <a 'java/lang/NoSuchMethodError'{0x0000000085a490f8}: 'java.lang.Object java.lang.invoke.DirectMethodHandle$Holder.invokeSpecial(java.lang.Object, java.lang.Object, int, java.lang.Object, int, java.lang.Object)'> (0x0000000085a490f8) 
thrown [s\open\src\hotspot\share\interpreter\linkResolver.cpp, line 759]
Event: 12.849 Thread 0x000001b24fe9de00 Exception <a 'java/lang/NoSuchMethodError'{0x0000000085a511a0}: 'java.lang.Object java.lang.invoke.DirectMethodHandle$Holder.newInvokeSpecial(java.lang.Object, java.lang.Object, int, java.lang.Object, int)'> (0x0000000085a511a0) 
thrown [s\open\src\hotspot\share\interpreter\linkResolver.cpp, line 759]
Event: 12.849 Thread 0x000001b24fe9de00 Exception <a 'java/lang/NoSuchMethodError'{0x0000000085a552a0}: 'java.lang.Object java.lang.invoke.DirectMethodHandle$Holder.invokeSpecial(java.lang.Object, java.lang.Object, java.lang.Object, int, java.lang.Object, int)'> (0x0000000085a552a0) 
thrown [s\open\src\hotspot\share\interpreter\linkResolver.cpp, line 759]
Event: 12.851 Thread 0x000001b24fe9de00 Exception <a 'java/lang/NoSuchMethodError'{0x0000000085a5efd8}: 'void java.lang.invoke.DirectMethodHandle$Holder.invokeVirtual(java.lang.Object, java.lang.Object)'> (0x0000000085a5efd8) 
thrown [s\open\src\hotspot\share\interpreter\linkResolver.cpp, line 759]
Event: 28.022 Thread 0x000001b2526bda30 Exception <a 'java/lang/NoSuchMethodError'{0x0000000085eba800}: 'java.lang.Object java.lang.invoke.DirectMethodHandle$Holder.invokeInterface(java.lang.Object, java.lang.Object, java.lang.Object, java.lang.Object)'> (0x0000000085eba800) 
thrown [s\open\src\hotspot\share\interpreter\linkResolver.cpp, line 759]
Event: 28.365 Thread 0x000001b2526bda30 Exception <a 'java/lang/NoSuchMethodError'{0x0000000085dab160}: 'java.lang.Object java.lang.invoke.DirectMethodHandle$Holder.invokeStaticInit(java.lang.Object, java.lang.Object, java.lang.Object, java.lang.Object, java.lang.Object, java.lang.Object)'> (0x0000000085dab160) 
thrown [s\open\src\hotspot\share\interpreter\linkResolver.cpp, line 759]
Event: 47.391 Thread 0x000001b2524048c0 Implicit null exception at 0x000001b2402ff6e4 to 0x000001b2402ffe0c
Event: 47.391 Thread 0x000001b252408280 Implicit null exception at 0x000001b2402ff6e4 to 0x000001b2402ffe0c
Event: 47.391 Thread 0x000001b2526baee0 Implicit null exception at 0x000001b2402ff6e4 to 0x000001b2402ffe0c
Event: 47.391 Thread 0x000001b252408280 Implicit null exception at 0x000001b2402ff6e4 to 0x000001b2402ffe0c
Event: 47.391 Thread 0x000001b2526baee0 Implicit null exception at 0x000001b2402ff6e4 to 0x000001b2402ffe0c

VM Operations (20 events):
Event: 67.229 Executing VM operation: G1CollectForAllocation done
Event: 67.577 Executing VM operation: G1CollectForAllocation
Event: 67.578 Executing VM operation: G1CollectForAllocation done
Event: 67.617 Executing VM operation: G1Concurrent
Event: 67.623 Executing VM operation: G1Concurrent done
Event: 67.640 Executing VM operation: G1Concurrent
Event: 67.640 Executing VM operation: G1Concurrent done
Event: 67.779 Executing VM operation: G1CollectForAllocation
Event: 67.780 Executing VM operation: G1CollectForAllocation done
Event: 67.980 Executing VM operation: G1CollectForAllocation
Event: 67.981 Executing VM operation: G1CollectForAllocation done
Event: 68.026 Executing VM operation: G1Concurrent
Event: 68.031 Executing VM operation: G1Concurrent done
Event: 68.052 Executing VM operation: G1Concurrent
Event: 68.052 Executing VM operation: G1Concurrent done
Event: 68.140 Executing VM operation: G1CollectForAllocation
Event: 68.140 Executing VM operation: G1CollectForAllocation done
Event: 68.245 Executing VM operation: G1CollectForAllocation
Event: 68.246 Executing VM operation: G1CollectForAllocation done
Event: 68.284 Executing VM operation: G1Concurrent

Events (20 events):
Event: 61.442 Thread 0x000001b24ea8a610 flushing nmethod 0x000001b239379990
Event: 61.442 Thread 0x000001b24ea8a610 flushing nmethod 0x000001b23937b390
Event: 61.442 Thread 0x000001b24ea8a610 flushing nmethod 0x000001b23937db10
Event: 61.442 Thread 0x000001b24ea8a610 flushing nmethod 0x000001b239391990
Event: 61.442 Thread 0x000001b24ea8a610 flushing nmethod 0x000001b239392710
Event: 61.442 Thread 0x000001b24ea8a610 flushing nmethod 0x000001b239399a90
Event: 61.442 Thread 0x000001b24ea8a610 flushing nmethod 0x000001b23939c710
Event: 61.442 Thread 0x000001b24ea8a610 flushing nmethod 0x000001b2393a0e10
Event: 61.442 Thread 0x000001b24ea8a610 flushing nmethod 0x000001b2393a7710
Event: 61.442 Thread 0x000001b24ea8a610 flushing nmethod 0x000001b2393bbe90
Event: 61.442 Thread 0x000001b24ea8a610 flushing nmethod 0x000001b2393bce90
Event: 61.442 Thread 0x000001b24ea8a610 flushing nmethod 0x000001b2393bf010
Event: 61.442 Thread 0x000001b24ea8a610 flushing nmethod 0x000001b2393c1890
Event: 61.442 Thread 0x000001b24ea8a610 flushing nmethod 0x000001b2393c6990
Event: 61.442 Thread 0x000001b24ea8a610 flushing nmethod 0x000001b2393c8990
Event: 61.442 Thread 0x000001b24ea8a610 flushing nmethod 0x000001b2393cc010
Event: 61.442 Thread 0x000001b24ea8a610 flushing nmethod 0x000001b2393cde90
Event: 61.809 Thread 0x000001b2578947d0 Thread exited: 0x000001b2578947d0
Event: 64.164 Thread 0x000001b24fd10440 Thread added: 0x000001b24fd10440
Event: 64.876 Thread 0x000001b24fd10440 Thread exited: 0x000001b24fd10440


Dynamic libraries:
0x00007ff738b40000 - 0x00007ff738b50000 	D:\Program Files\Java\jdk-17\bin\java.exe
0x00007ff840170000 - 0x00007ff840368000 	C:\WINDOWS\SYSTEM32\ntdll.dll
0x00007ff83e4d0000 - 0x00007ff83e58d000 	C:\WINDOWS\System32\KERNEL32.DLL
0x00007ff83db00000 - 0x00007ff83ddf6000 	C:\WINDOWS\System32\KERNELBASE.dll
0x00007ff83e0d0000 - 0x00007ff83e1d0000 	C:\WINDOWS\System32\ucrtbase.dll
0x00007ff80ef80000 - 0x00007ff80ef99000 	D:\Program Files\Java\jdk-17\bin\jli.dll
0x00007ff812380000 - 0x00007ff81239b000 	D:\Program Files\Java\jdk-17\bin\VCRUNTIME140.dll
0x00007ff83e420000 - 0x00007ff83e4ce000 	C:\WINDOWS\System32\ADVAPI32.dll
0x00007ff83ea70000 - 0x00007ff83eb0e000 	C:\WINDOWS\System32\msvcrt.dll
0x00007ff83e9d0000 - 0x00007ff83ea6c000 	C:\WINDOWS\System32\sechost.dll
0x00007ff83ff90000 - 0x00007ff8400b6000 	C:\WINDOWS\System32\RPCRT4.dll
0x00007ff83eed0000 - 0x00007ff83f06e000 	C:\WINDOWS\System32\USER32.dll
0x00007ff81af40000 - 0x00007ff81b1da000 	C:\WINDOWS\WinSxS\amd64_microsoft.windows.common-controls_6595b64144ccf1df_6.0.19041.1110_none_60b5254171f9507e\COMCTL32.dll
0x00007ff83d8c0000 - 0x00007ff83d8e2000 	C:\WINDOWS\System32\win32u.dll
0x00007ff83f070000 - 0x00007ff83f09c000 	C:\WINDOWS\System32\GDI32.dll
0x00007ff83d940000 - 0x00007ff83da5a000 	C:\WINDOWS\System32\gdi32full.dll
0x00007ff83da60000 - 0x00007ff83dafd000 	C:\WINDOWS\System32\msvcp_win.dll
0x00007ff8360c0000 - 0x00007ff8360ca000 	C:\WINDOWS\SYSTEM32\VERSION.dll
0x00007ff83ed60000 - 0x00007ff83ed90000 	C:\WINDOWS\System32\IMM32.DLL
0x00007ff811f20000 - 0x00007ff811f2c000 	D:\Program Files\Java\jdk-17\bin\vcruntime140_1.dll
0x00007ff811e90000 - 0x00007ff811f1e000 	D:\Program Files\Java\jdk-17\bin\msvcp140.dll
0x00007ff80e260000 - 0x00007ff80ee3d000 	D:\Program Files\Java\jdk-17\bin\server\jvm.dll
0x00007ff83fcc0000 - 0x00007ff83fcc8000 	C:\WINDOWS\System32\PSAPI.DLL
0x00007ff823d30000 - 0x00007ff823d57000 	C:\WINDOWS\SYSTEM32\WINMM.dll
0x00007ff812370000 - 0x00007ff812379000 	C:\WINDOWS\SYSTEM32\WSOCK32.dll
0x00007ff8400c0000 - 0x00007ff84012b000 	C:\WINDOWS\System32\WS2_32.dll
0x00007ff83c030000 - 0x00007ff83c042000 	C:\WINDOWS\SYSTEM32\kernel.appcore.dll
0x00007ff828a40000 - 0x00007ff828a4a000 	D:\Program Files\Java\jdk-17\bin\jimage.dll
0x00007ff83b450000 - 0x00007ff83b634000 	C:\WINDOWS\SYSTEM32\DBGHELP.DLL
0x00007ff81e840000 - 0x00007ff81e874000 	C:\WINDOWS\SYSTEM32\dbgcore.DLL
0x00007ff83df60000 - 0x00007ff83dfe2000 	C:\WINDOWS\System32\bcryptPrimitives.dll
0x00007ff800040000 - 0x00007ff80004e000 	D:\Program Files\Java\jdk-17\bin\instrument.dll
0x00007ff8289f0000 - 0x00007ff828a15000 	D:\Program Files\Java\jdk-17\bin\java.dll
0x00007ff80f0a0000 - 0x00007ff80f177000 	D:\Program Files\Java\jdk-17\bin\jsvml.dll
0x00007ff83f510000 - 0x00007ff83fc55000 	C:\WINDOWS\System32\SHELL32.dll
0x00007ff83b880000 - 0x00007ff83c01b000 	C:\WINDOWS\SYSTEM32\windows.storage.dll
0x00007ff83e5b0000 - 0x00007ff83e904000 	C:\WINDOWS\System32\combase.dll
0x00007ff83d0e0000 - 0x00007ff83d10e000 	C:\WINDOWS\SYSTEM32\Wldp.dll
0x00007ff83fcd0000 - 0x00007ff83fd7d000 	C:\WINDOWS\System32\SHCORE.dll
0x00007ff83e910000 - 0x00007ff83e965000 	C:\WINDOWS\System32\shlwapi.dll
0x00007ff83d780000 - 0x00007ff83d7a5000 	C:\WINDOWS\SYSTEM32\profapi.dll
0x00007ff80f5e0000 - 0x00007ff80f5f8000 	D:\Program Files\Java\jdk-17\bin\zip.dll
0x00007ff811c30000 - 0x00007ff811c49000 	D:\Program Files\Java\jdk-17\bin\net.dll
0x00007ff834670000 - 0x00007ff83477a000 	C:\WINDOWS\SYSTEM32\WINHTTP.dll
0x00007ff83cec0000 - 0x00007ff83cf2a000 	C:\WINDOWS\system32\mswsock.dll
0x00007ff811be0000 - 0x00007ff811bf6000 	D:\Program Files\Java\jdk-17\bin\nio.dll
0x00007ff800020000 - 0x00007ff80003a000 	C:\Program Files\JetBrains\IntelliJ IDEA Community Edition 2023.1.2\bin\breakgen64.dll
0x00007ff828a30000 - 0x00007ff828a40000 	D:\Program Files\Java\jdk-17\bin\verify.dll
0x00007ff811c70000 - 0x00007ff811c7a000 	D:\Program Files\Java\jdk-17\bin\management.dll
0x00007ff811bd0000 - 0x00007ff811bdb000 	D:\Program Files\Java\jdk-17\bin\management_ext.dll
0x00007ff81d7b0000 - 0x00007ff81d7c7000 	C:\WINDOWS\system32\napinsp.dll
0x00007ff81d790000 - 0x00007ff81d7ab000 	C:\WINDOWS\system32\pnrpnsp.dll
0x00007ff838340000 - 0x00007ff83835d000 	C:\WINDOWS\system32\NLAapi.dll
0x00007ff83cbd0000 - 0x00007ff83cc0b000 	C:\WINDOWS\SYSTEM32\IPHLPAPI.DLL
0x00007ff837700000 - 0x00007ff837715000 	C:\WINDOWS\system32\wshbth.dll
0x00007ff83cc10000 - 0x00007ff83ccda000 	C:\WINDOWS\SYSTEM32\DNSAPI.dll
0x00007ff83ed50000 - 0x00007ff83ed58000 	C:\WINDOWS\System32\NSI.dll
0x00007ff820e50000 - 0x00007ff820e62000 	C:\WINDOWS\System32\winrnr.dll
0x00007ff833790000 - 0x00007ff83379a000 	C:\Windows\System32\rasadhlp.dll
0x00007ff82b1f0000 - 0x00007ff82b272000 	C:\WINDOWS\System32\fwpuclnt.dll
0x00007ff83e0a0000 - 0x00007ff83e0c7000 	C:\WINDOWS\System32\bcrypt.dll
0x00007ff83d120000 - 0x00007ff83d138000 	C:\WINDOWS\SYSTEM32\CRYPTSP.dll
0x00007ff83c7f0000 - 0x00007ff83c824000 	C:\WINDOWS\system32\rsaenh.dll
0x00007ff83d740000 - 0x00007ff83d76e000 	C:\WINDOWS\SYSTEM32\USERENV.dll
0x00007ff83d050000 - 0x00007ff83d05c000 	C:\WINDOWS\SYSTEM32\CRYPTBASE.dll
0x00007ff832390000 - 0x00007ff8323a7000 	C:\WINDOWS\SYSTEM32\dhcpcsvc6.DLL
0x00007ff832e20000 - 0x00007ff832e3d000 	C:\WINDOWS\SYSTEM32\dhcpcsvc.DLL
0x00007ff828a20000 - 0x00007ff828a2d000 	D:\Program Files\Java\jdk-17\bin\sunmscapi.dll
0x00007ff83de00000 - 0x00007ff83df5e000 	C:\WINDOWS\System32\CRYPT32.dll
0x00007ff83d230000 - 0x00007ff83d258000 	C:\WINDOWS\SYSTEM32\ncrypt.dll
0x00007ff83d1f0000 - 0x00007ff83d22b000 	C:\WINDOWS\SYSTEM32\NTASN1.dll
0x00007ff811c80000 - 0x00007ff811c87000 	C:\WINDOWS\system32\wshunix.dll

dbghelp: loaded successfully - version: 4.0.5 - missing functions: none
symbol engine: initialized successfully - sym options: 0x614 - pdb path: .;D:\Program Files\Java\jdk-17\bin;C:\WINDOWS\SYSTEM32;C:\WINDOWS\WinSxS\amd64_microsoft.windows.common-controls_6595b64144ccf1df_6.0.19041.1110_none_60b5254171f9507e;D:\Program Files\Java\jdk-17\bin\server;C:\Program Files\JetBrains\IntelliJ IDEA Community Edition 2023.1.2\bin

VM Arguments:
jvm_args: -javaagent:C:\Program Files\JetBrains\IntelliJ IDEA Community Edition 2023.1.2\lib\idea_rt.jar=50098:C:\Program Files\JetBrains\IntelliJ IDEA Community Edition 2023.1.2\bin -Dfile.encoding=UTF-8 
java_command: com.example.demo.RendezvousApplication
java_class_path (initial): E:\project jee\backend\IEMS\rendezvous\target\classes;C:\Users\ismai\.m2\repository\org\springframework\boot\spring-boot-starter-data-jdbc\2.7.5\spring-boot-starter-data-jdbc-2.7.5.jar;C:\Users\ismai\.m2\repository\org\springframework\boot\spring-boot-starter-jdbc\2.7.5\spring-boot-starter-jdbc-2.7.5.jar;C:\Users\ismai\.m2\repository\com\zaxxer\HikariCP\4.0.3\HikariCP-4.0.3.jar;C:\Users\ismai\.m2\repository\org\springframework\spring-jdbc\5.3.23\spring-jdbc-5.3.23.jar;C:\Users\ismai\.m2\repository\org\springframework\data\spring-data-jdbc\2.4.5\spring-data-jdbc-2.4.5.jar;C:\Users\ismai\.m2\repository\org\springframework\data\spring-data-relational\2.4.5\spring-data-relational-2.4.5.jar;C:\Users\ismai\.m2\repository\org\springframework\data\spring-data-commons\2.7.5\spring-data-commons-2.7.5.jar;C:\Users\ismai\.m2\repository\org\springframework\spring-tx\5.3.23\spring-tx-5.3.23.jar;C:\Users\ismai\.m2\repository\org\springframework\spring-context\5.3.23\spring-context-5.3.23.jar;C:\Users\ismai\.m2\repository\org\springframework\spring-beans\5.3.23\spring-beans-5.3.23.jar;C:\Users\ismai\.m2\repository\org\slf4j\slf4j-api\1.7.36\slf4j-api-1.7.36.jar;C:\Users\ismai\.m2\repository\org\springframework\boot\spring-boot-starter-data-jpa\2.7.5\spring-boot-starter-data-jpa-2.7.5.jar;C:\Users\ismai\.m2\repository\org\springframework\boot\spring-boot-starter-aop\2.7.5\spring-boot-starter-aop-2.7.5.jar;C:\Users\ismai\.m2\repository\org\springframework\spring-aop\5.3.23\spring-aop-5.3.23.jar;C:\Users\ismai\.m2\repository\org\aspectj\aspectjweaver\1.9.7\aspectjweaver-1.9.7.jar;C:\Users\ismai\.m2\repository\jakarta\transaction\jakarta.transaction-api\1.3.3\jakarta.transaction-api-1.3.3.jar;C:\Users\ismai\.m2\repository\jakarta\persistence\jakarta.persistence-api\2.2.3\jakarta.persistence-api-2.2.3.jar;C:\Users\ismai\.m2\repository\org\hibernate\hibernate-core\5.6.12.Final\hibernate-core-5.6.12.Final.jar;C:\Users\ismai\.m2\repository\org\jboss\logging\jbo
Launcher Type: SUN_STANDARD

[Global flags]
     intx CICompilerCount                          = 4                                         {product} {ergonomic}
     uint ConcGCThreads                            = 2                                         {product} {ergonomic}
     uint G1ConcRefinementThreads                  = 8                                         {product} {ergonomic}
   size_t G1HeapRegionSize                         = 1048576                                   {product} {ergonomic}
    uintx GCDrainStackTargetSize                   = 64                                        {product} {ergonomic}
   size_t InitialHeapSize                          = 134217728                                 {product} {ergonomic}
   size_t MarkStackSize                            = 4194304                                   {product} {ergonomic}
   size_t MaxHeapSize                              = 2118123520                                {product} {ergonomic}
   size_t MaxNewSize                               = 1270874112                                {product} {ergonomic}
   size_t MinHeapDeltaBytes                        = 1048576                                   {product} {ergonomic}
   size_t MinHeapSize                              = 8388608                                   {product} {ergonomic}
    uintx NonNMethodCodeHeapSize                   = 5839372                                {pd product} {ergonomic}
    uintx NonProfiledCodeHeapSize                  = 122909434                              {pd product} {ergonomic}
    uintx ProfiledCodeHeapSize                     = 122909434                              {pd product} {ergonomic}
    uintx ReservedCodeCacheSize                    = 251658240                              {pd product} {ergonomic}
     bool SegmentedCodeCache                       = true                                      {product} {ergonomic}
   size_t SoftMaxHeapSize                          = 2118123520                             {manageable} {ergonomic}
     bool UseCompressedClassPointers               = true                           {product lp64_product} {ergonomic}
     bool UseCompressedOops                        = true                           {product lp64_product} {ergonomic}
     bool UseG1GC                                  = true                                      {product} {ergonomic}
     bool UseLargePagesIndividualAllocation        = false                                  {pd product} {ergonomic}

Logging:
Log output configuration:
 #0: stdout all=warning uptime,level,tags
 #1: stderr all=off uptime,level,tags

Environment Variables:
JAVA_HOME=D:\Program Files\Java\jdk-17
PATH=D:\oraclexe\app\oracle\product\11.2.0\server\bin;;C:\Program Files\Common Files\Oracle\Java\javapath;C:\WINDOWS\system32;C:\WINDOWS;C:\WINDOWS\System32\Wbem;C:\WINDOWS\System32\WindowsPowerShell\v1.0\;C:\WINDOWS\System32\OpenSSH\;C:\Program Files\Common Files\Autodesk Shared\;C:\Users\ismai\Downloads\flex;C:\Program Files\Microsoft SQL Server\120\Tools\Binn\;E:\Program Files\CodeBlocks\MinGW\bin;C:\flutter\bin;C:\Program Files (x86)\Autodesk\Backburner\;C:\Program Files (x86)\Common Files\Autodesk Shared\;%SPARK_HOME%\bin;%HADOOP_HOME%\bin;E:\Program Files\apache-maven-3.8.1\bin;C:\Program Files\Docker\Docker\resources\bin;C:\Program Files\nodejs\;D:\Program Files\Git\cmd;C:\ProgramData\chocolatey\bin;C:\Users\ismai\AppData\Local\Android\Sdk\platform-tools;%JAVA_HOME%\bin;D:\Program Files\gradle-8.3\bin;C:\Program Files\MongoDB\Server\4.2\bin;C:\Users\ismai\Anaconda3;C:\Users\ismai\Anaconda3\Library\mingw-w64\bin;C:\Users\ismai\Anaconda3\Library\usr\bin;C:\Users\ismai\Anaconda3\Library\bin;C:\Users\ismai\Anaconda3\Scripts;C:\Users\ismai\AppData\Local\Microsoft\WindowsApps;C:\Users\ismai\AppData\Local\Programs\Microsoft VS Code\bin;E:\Program Files\JetBrains\IntelliJ IDEA 2023.1.2\bin;;C:\Program Files\JetBrains\IntelliJ IDEA Community Edition 2023.1.2\bin;;C:\Users\ismai\AppData\Roaming\npm
USERNAME=ismai
OS=Windows_NT
PROCESSOR_IDENTIFIER=Intel64 Family 6 Model 158 Stepping 10, GenuineIntel



---------------  S Y S T E M  ---------------

OS:
 Windows 10 , 64 bit Build 19041 (10.0.19041.3393)
OS uptime: 0 days 0:15 hours
Hyper-V role detected

CPU: total 8 (initial active 8) (4 cores per cpu, 2 threads per core) family 6 model 158 stepping 10 microcode 0xc6, cx8, cmov, fxsr, ht, mmx, 3dnowpref, sse, sse2, sse3, ssse3, sse4.1, sse4.2, popcnt, lzcnt, tsc, tscinvbit, avx, avx2, aes, erms, clmul, bmi1, bmi2, adx, fma, vzeroupper, clflush, clflushopt, hv

Memory: 4k page, system-wide physical 8072M (500M free)
TotalPageFile size 32648M (AvailPageFile size 5M)
current process WorkingSet (physical memory assigned to process): 223M, peak: 256M
current process commit charge ("private bytes"): 267M, peak: 297M

vm_info: Java HotSpot(TM) 64-Bit Server VM (17.0.7+8-LTS-224) for windows-amd64 JRE (17.0.7+8-LTS-224), built on Feb 28 2023 23:03:02 by "mach5one" with MS VC++ 17.1 (VS2022)

END.
